2018-10-29 09:20:58.380 |-INFO  [main] org.springframework.context.annotation.AnnotationConfigApplicationContext [590] -| Refreshing org.springframework.context.annotation.AnnotationConfigApplicationContext@41fecb8b: startup date [Mon Oct 29 09:20:58 CST 2018]; root of context hierarchy
2018-10-29 09:20:58.650 |-INFO  [main] org.springframework.beans.factory.annotation.AutowiredAnnotationBeanPostProcessor [154] -| JSR-330 'javax.inject.Inject' annotation found and supported for autowiring
2018-10-29 09:20:58.683 |-INFO  [main] org.springframework.context.support.PostProcessorRegistrationDelegate$BeanPostProcessorChecker [328] -| Bean 'configurationPropertiesRebinderAutoConfiguration' of type [org.springframework.cloud.autoconfigure.ConfigurationPropertiesRebinderAutoConfiguration$$EnhancerBySpringCGLIB$$f0197bfe] is not eligible for getting processed by all BeanPostProcessors (for example: not eligible for auto-proxying)
2018-10-29 09:20:59.106 |-INFO  [main] com.sctoc.microserver.train.eureka.EurekaApplication [659] -| No active profile set, falling back to default profiles: default
2018-10-29 09:20:59.121 |-INFO  [main] org.springframework.boot.web.servlet.context.AnnotationConfigServletWebServerApplicationContext [590] -| Refreshing org.springframework.boot.web.servlet.context.AnnotationConfigServletWebServerApplicationContext@7862f56: startup date [Mon Oct 29 09:20:59 CST 2018]; parent: org.springframework.context.annotation.AnnotationConfigApplicationContext@41fecb8b
2018-10-29 09:21:00.132 |-INFO  [main] org.springframework.cloud.context.scope.GenericScope [294] -| BeanFactory id=a08cd381-f46c-3692-b0d7-3b11d1a6ab87
2018-10-29 09:21:00.149 |-INFO  [main] org.springframework.beans.factory.annotation.AutowiredAnnotationBeanPostProcessor [154] -| JSR-330 'javax.inject.Inject' annotation found and supported for autowiring
2018-10-29 09:21:00.263 |-INFO  [main] org.springframework.context.support.PostProcessorRegistrationDelegate$BeanPostProcessorChecker [328] -| Bean 'org.springframework.cloud.autoconfigure.ConfigurationPropertiesRebinderAutoConfiguration' of type [org.springframework.cloud.autoconfigure.ConfigurationPropertiesRebinderAutoConfiguration$$EnhancerBySpringCGLIB$$f0197bfe] is not eligible for getting processed by all BeanPostProcessors (for example: not eligible for auto-proxying)
2018-10-29 09:21:00.917 |-INFO  [main] org.springframework.boot.web.embedded.tomcat.TomcatWebServer [91] -| Tomcat initialized with port(s): 8761 (http)
2018-10-29 09:21:00.934 |-INFO  [main] org.apache.coyote.http11.Http11NioProtocol [180] -| Initializing ProtocolHandler ["http-nio-8761"]
2018-10-29 09:21:00.946 |-INFO  [main] org.apache.catalina.core.StandardService [180] -| Starting service [Tomcat]
2018-10-29 09:21:00.947 |-INFO  [main] org.apache.catalina.core.StandardEngine [180] -| Starting Servlet Engine: Apache Tomcat/8.5.31
2018-10-29 09:21:00.959 |-INFO  [localhost-startStop-1] org.apache.catalina.core.AprLifecycleListener [180] -| The APR based Apache Tomcat Native library which allows optimal performance in production environments was not found on the java.library.path: [D:\Program Files\Java\jdk1.8.0_92\bin;C:\WINDOWS\Sun\Java\bin;C:\WINDOWS\system32;C:\WINDOWS;C:\ProgramData\Oracle\Java\javapath;C:\Program Files (x86)\Intel\iCLS Client\;C:\Program Files\Intel\iCLS Client\;C:\Windows\system32;C:\Windows;C:\Windows\System32\Wbem;C:\Windows\System32\WindowsPowerShell\v1.0\;C:\Program Files (x86)\NVIDIA Corporation\PhysX\Common;C:\Program Files (x86)\Intel\Intel(R) Management Engine Components\DAL;C:\Program Files\Intel\Intel(R) Management Engine Components\DAL;C:\Program Files (x86)\Intel\Intel(R) Management Engine Components\IPT;C:\Program Files\Intel\Intel(R) Management Engine Components\IPT;D:\Program Files\Java\jdk1.8.0_92\bin;D:\Program Files\Java\jdk1.8.0_92\jre\bin;D:\Program Files\TortoiseSVN\bin;D:\Program Files\apache-maven-3.0.3\bin;C:\MyE\apache-tomcat-7.0.47\bin;C:\WINDOWS\system32;C:\WINDOWS;C:\WINDOWS\System32\Wbem;C:\WINDOWS\System32\WindowsPowerShell\v1.0\;C:\WINDOWS\System32\OpenSSH\;D:\Program Files\TortoiseGit\bin;D:\Program Files\Git\cmd;D:\Program Files\Git\bin;D:\Program Files\Git\cmd\;D:\Program Files\TortoiseGit\bin;C:\Users\huajun\AppData\Local\Microsoft\WindowsApps;;.]
2018-10-29 09:21:01.182 |-INFO  [localhost-startStop-1] org.apache.catalina.core.ContainerBase.[Tomcat].[localhost].[/] [180] -| Initializing Spring embedded WebApplicationContext
2018-10-29 09:21:01.182 |-INFO  [localhost-startStop-1] org.springframework.web.context.ContextLoader [285] -| Root WebApplicationContext: initialization completed in 2061 ms
2018-10-29 09:21:01.492 |-WARN  [localhost-startStop-1] com.netflix.config.sources.URLConfigurationSource [121] -| No URLs will be polled as dynamic configuration sources.
2018-10-29 09:21:01.494 |-INFO  [localhost-startStop-1] com.netflix.config.sources.URLConfigurationSource [122] -| To enable URLs as dynamic configuration sources, define System property archaius.configurationSource.additionalUrls or make config.properties available on classpath.
2018-10-29 09:21:01.516 |-INFO  [localhost-startStop-1] com.netflix.config.DynamicPropertyFactory [281] -| DynamicPropertyFactory is initialized with configuration sources: com.netflix.config.ConcurrentCompositeConfiguration@5255abe4
2018-10-29 09:21:03.322 |-INFO  [localhost-startStop-1] org.springframework.boot.web.servlet.FilterRegistrationBean [245] -| Mapping filter: 'characterEncodingFilter' to: [/*]
2018-10-29 09:21:03.323 |-INFO  [localhost-startStop-1] org.springframework.boot.web.servlet.FilterRegistrationBean [245] -| Mapping filter: 'hiddenHttpMethodFilter' to: [/*]
2018-10-29 09:21:03.323 |-INFO  [localhost-startStop-1] org.springframework.boot.web.servlet.FilterRegistrationBean [245] -| Mapping filter: 'httpPutFormContentFilter' to: [/*]
2018-10-29 09:21:03.323 |-INFO  [localhost-startStop-1] org.springframework.boot.web.servlet.FilterRegistrationBean [245] -| Mapping filter: 'requestContextFilter' to: [/*]
2018-10-29 09:21:03.324 |-INFO  [localhost-startStop-1] org.springframework.boot.web.servlet.FilterRegistrationBean [245] -| Mapping filter: 'httpTraceFilter' to: [/*]
2018-10-29 09:21:03.324 |-INFO  [localhost-startStop-1] org.springframework.boot.web.servlet.FilterRegistrationBean [245] -| Mapping filter: 'webMvcMetricsFilter' to: [/*]
2018-10-29 09:21:03.324 |-INFO  [localhost-startStop-1] org.springframework.boot.web.servlet.FilterRegistrationBean [258] -| Mapping filter: 'servletContainer' to urls: [/eureka/*]
2018-10-29 09:21:03.324 |-INFO  [localhost-startStop-1] org.springframework.boot.web.servlet.ServletRegistrationBean [186] -| Servlet dispatcherServlet mapped to [/]
2018-10-29 09:21:03.430 |-INFO  [localhost-startStop-1] com.sun.jersey.server.impl.application.WebApplicationImpl [815] -| Initiating Jersey application, version 'Jersey: 1.19.1 03/11/2016 02:08 PM'
2018-10-29 09:21:03.493 |-INFO  [localhost-startStop-1] com.netflix.discovery.provider.DiscoveryJerseyProvider [70] -| Using JSON encoding codec LegacyJacksonJson
2018-10-29 09:21:03.494 |-INFO  [localhost-startStop-1] com.netflix.discovery.provider.DiscoveryJerseyProvider [71] -| Using JSON decoding codec LegacyJacksonJson
2018-10-29 09:21:03.621 |-INFO  [localhost-startStop-1] com.netflix.discovery.provider.DiscoveryJerseyProvider [80] -| Using XML encoding codec XStreamXml
2018-10-29 09:21:03.621 |-INFO  [localhost-startStop-1] com.netflix.discovery.provider.DiscoveryJerseyProvider [81] -| Using XML decoding codec XStreamXml
2018-10-29 09:21:04.051 |-WARN  [main] com.netflix.config.sources.URLConfigurationSource [121] -| No URLs will be polled as dynamic configuration sources.
2018-10-29 09:21:04.052 |-INFO  [main] com.netflix.config.sources.URLConfigurationSource [122] -| To enable URLs as dynamic configuration sources, define System property archaius.configurationSource.additionalUrls or make config.properties available on classpath.
2018-10-29 09:21:04.140 |-INFO  [main] org.springframework.web.servlet.handler.SimpleUrlHandlerMapping [373] -| Mapped URL path [/**/favicon.ico] onto handler of type [class org.springframework.web.servlet.resource.ResourceHttpRequestHandler]
2018-10-29 09:21:04.331 |-INFO  [main] org.springframework.web.servlet.mvc.method.annotation.RequestMappingHandlerAdapter [574] -| Looking for @ControllerAdvice: org.springframework.boot.web.servlet.context.AnnotationConfigServletWebServerApplicationContext@7862f56: startup date [Mon Oct 29 09:20:59 CST 2018]; parent: org.springframework.context.annotation.AnnotationConfigApplicationContext@41fecb8b
2018-10-29 09:21:04.426 |-INFO  [main] org.springframework.web.servlet.mvc.method.annotation.RequestMappingHandlerMapping [547] -| Mapped "{[/error]}" onto public org.springframework.http.ResponseEntity<java.util.Map<java.lang.String, java.lang.Object>> org.springframework.boot.autoconfigure.web.servlet.error.BasicErrorController.error(javax.servlet.http.HttpServletRequest)
2018-10-29 09:21:04.427 |-INFO  [main] org.springframework.web.servlet.mvc.method.annotation.RequestMappingHandlerMapping [547] -| Mapped "{[/error],produces=[text/html]}" onto public org.springframework.web.servlet.ModelAndView org.springframework.boot.autoconfigure.web.servlet.error.BasicErrorController.errorHtml(javax.servlet.http.HttpServletRequest,javax.servlet.http.HttpServletResponse)
2018-10-29 09:21:04.431 |-INFO  [main] org.springframework.web.servlet.mvc.method.annotation.RequestMappingHandlerMapping [547] -| Mapped "{[/],methods=[GET]}" onto public java.lang.String org.springframework.cloud.netflix.eureka.server.EurekaController.status(javax.servlet.http.HttpServletRequest,java.util.Map<java.lang.String, java.lang.Object>)
2018-10-29 09:21:04.432 |-INFO  [main] org.springframework.web.servlet.mvc.method.annotation.RequestMappingHandlerMapping [547] -| Mapped "{[/lastn],methods=[GET]}" onto public java.lang.String org.springframework.cloud.netflix.eureka.server.EurekaController.lastn(javax.servlet.http.HttpServletRequest,java.util.Map<java.lang.String, java.lang.Object>)
2018-10-29 09:21:04.459 |-INFO  [main] org.springframework.web.servlet.handler.SimpleUrlHandlerMapping [373] -| Mapped URL path [/webjars/**] onto handler of type [class org.springframework.web.servlet.resource.ResourceHttpRequestHandler]
2018-10-29 09:21:04.459 |-INFO  [main] org.springframework.web.servlet.handler.SimpleUrlHandlerMapping [373] -| Mapped URL path [/**] onto handler of type [class org.springframework.web.servlet.resource.ResourceHttpRequestHandler]
2018-10-29 09:21:04.852 |-INFO  [main] org.springframework.ui.freemarker.SpringTemplateLoader [62] -| SpringTemplateLoader for FreeMarker: using resource loader [org.springframework.boot.web.servlet.context.AnnotationConfigServletWebServerApplicationContext@7862f56: startup date [Mon Oct 29 09:20:59 CST 2018]; parent: org.springframework.context.annotation.AnnotationConfigApplicationContext@41fecb8b] and template loader path [classpath:/templates/]
2018-10-29 09:21:04.854 |-INFO  [main] org.springframework.web.servlet.view.freemarker.FreeMarkerConfigurer [131] -| ClassTemplateLoader for Spring macros added to FreeMarker configuration
2018-10-29 09:21:05.041 |-INFO  [main] org.springframework.cloud.netflix.eureka.InstanceInfoFactory [71] -| Setting initial instance status as: STARTING
2018-10-29 09:21:05.080 |-INFO  [main] com.netflix.discovery.DiscoveryClient [349] -| Initializing Eureka in region us-east-1
2018-10-29 09:21:05.081 |-INFO  [main] com.netflix.discovery.DiscoveryClient [352] -| Client configured to neither register nor query for data.
2018-10-29 09:21:05.092 |-INFO  [main] com.netflix.discovery.DiscoveryClient [365] -| Discovery Client initialized at timestamp 1540776065091 with initial instances count: 0
2018-10-29 09:21:05.180 |-INFO  [main] com.netflix.eureka.DefaultEurekaServerContext [63] -| Initializing ...
2018-10-29 09:21:05.182 |-WARN  [main] com.netflix.eureka.cluster.PeerEurekaNodes [156] -| The replica size seems to be empty. Check the route 53 DNS Registry
2018-10-29 09:21:05.207 |-INFO  [main] com.netflix.eureka.registry.AbstractInstanceRegistry [151] -| Finished initializing remote region registries. All known remote regions: []
2018-10-29 09:21:05.208 |-INFO  [main] com.netflix.eureka.DefaultEurekaServerContext [70] -| Initialized
2018-10-29 09:21:05.226 |-INFO  [main] org.springframework.boot.actuate.endpoint.web.EndpointLinksResolver [59] -| Exposing 2 endpoint(s) beneath base path '/actuator'
2018-10-29 09:21:05.240 |-INFO  [main] org.springframework.boot.actuate.endpoint.web.servlet.WebMvcEndpointHandlerMapping [547] -| Mapped "{[/actuator/health],methods=[GET],produces=[application/vnd.spring-boot.actuator.v2+json || application/json]}" onto public java.lang.Object org.springframework.boot.actuate.endpoint.web.servlet.AbstractWebMvcEndpointHandlerMapping$OperationHandler.handle(javax.servlet.http.HttpServletRequest,java.util.Map<java.lang.String, java.lang.String>)
2018-10-29 09:21:05.241 |-INFO  [main] org.springframework.boot.actuate.endpoint.web.servlet.WebMvcEndpointHandlerMapping [547] -| Mapped "{[/actuator/info],methods=[GET],produces=[application/vnd.spring-boot.actuator.v2+json || application/json]}" onto public java.lang.Object org.springframework.boot.actuate.endpoint.web.servlet.AbstractWebMvcEndpointHandlerMapping$OperationHandler.handle(javax.servlet.http.HttpServletRequest,java.util.Map<java.lang.String, java.lang.String>)
2018-10-29 09:21:05.242 |-INFO  [main] org.springframework.boot.actuate.endpoint.web.servlet.WebMvcEndpointHandlerMapping [547] -| Mapped "{[/actuator],methods=[GET],produces=[application/vnd.spring-boot.actuator.v2+json || application/json]}" onto protected java.util.Map<java.lang.String, java.util.Map<java.lang.String, org.springframework.boot.actuate.endpoint.web.Link>> org.springframework.boot.actuate.endpoint.web.servlet.WebMvcEndpointHandlerMapping.links(javax.servlet.http.HttpServletRequest,javax.servlet.http.HttpServletResponse)
2018-10-29 09:21:05.291 |-INFO  [main] org.springframework.jmx.export.annotation.AnnotationMBeanExporter [433] -| Registering beans for JMX exposure on startup
2018-10-29 09:21:05.303 |-INFO  [main] org.springframework.jmx.export.annotation.AnnotationMBeanExporter [895] -| Bean with name 'environmentManager' has been autodetected for JMX exposure
2018-10-29 09:21:05.305 |-INFO  [main] org.springframework.jmx.export.annotation.AnnotationMBeanExporter [895] -| Bean with name 'configurationPropertiesRebinder' has been autodetected for JMX exposure
2018-10-29 09:21:05.306 |-INFO  [main] org.springframework.jmx.export.annotation.AnnotationMBeanExporter [895] -| Bean with name 'refreshScope' has been autodetected for JMX exposure
2018-10-29 09:21:05.309 |-INFO  [main] org.springframework.jmx.export.annotation.AnnotationMBeanExporter [675] -| Located managed bean 'environmentManager': registering with JMX server as MBean [org.springframework.cloud.context.environment:name=environmentManager,type=EnvironmentManager]
2018-10-29 09:21:05.320 |-INFO  [main] org.springframework.jmx.export.annotation.AnnotationMBeanExporter [675] -| Located managed bean 'refreshScope': registering with JMX server as MBean [org.springframework.cloud.context.scope.refresh:name=refreshScope,type=RefreshScope]
2018-10-29 09:21:05.331 |-INFO  [main] org.springframework.jmx.export.annotation.AnnotationMBeanExporter [675] -| Located managed bean 'configurationPropertiesRebinder': registering with JMX server as MBean [org.springframework.cloud.context.properties:name=configurationPropertiesRebinder,context=7862f56,type=ConfigurationPropertiesRebinder]
2018-10-29 09:21:05.343 |-INFO  [main] org.springframework.context.support.DefaultLifecycleProcessor [351] -| Starting beans in phase 0
2018-10-29 09:21:05.344 |-INFO  [main] org.springframework.cloud.netflix.eureka.serviceregistry.EurekaServiceRegistry [42] -| Registering application train-eureka with eureka with status UP
2018-10-29 09:21:05.365 |-INFO  [Thread-13] org.springframework.cloud.netflix.eureka.server.EurekaServerBootstrap [109] -| Setting the eureka configuration..
2018-10-29 09:21:05.367 |-INFO  [Thread-13] org.springframework.cloud.netflix.eureka.server.EurekaServerBootstrap [114] -| Eureka data center value eureka.datacenter is not set, defaulting to default
2018-10-29 09:21:05.369 |-INFO  [Thread-13] org.springframework.cloud.netflix.eureka.server.EurekaServerBootstrap [128] -| Eureka environment value eureka.environment is not set, defaulting to test
2018-10-29 09:21:05.376 |-INFO  [main] org.apache.coyote.http11.Http11NioProtocol [180] -| Starting ProtocolHandler ["http-nio-8761"]
2018-10-29 09:21:05.399 |-INFO  [main] org.apache.tomcat.util.net.NioSelectorPool [180] -| Using a shared selector for servlet write/read
2018-10-29 09:21:05.404 |-INFO  [Thread-13] org.springframework.cloud.netflix.eureka.server.EurekaServerBootstrap [184] -| isAws returned false
2018-10-29 09:21:05.405 |-INFO  [Thread-13] org.springframework.cloud.netflix.eureka.server.EurekaServerBootstrap [152] -| Initialized server context
2018-10-29 09:21:05.406 |-INFO  [Thread-13] com.netflix.eureka.registry.PeerAwareInstanceRegistryImpl [242] -| Got 1 instances from neighboring DS node
2018-10-29 09:21:05.406 |-INFO  [Thread-13] com.netflix.eureka.registry.PeerAwareInstanceRegistryImpl [243] -| Renew threshold is: 1
2018-10-29 09:21:05.406 |-INFO  [Thread-13] com.netflix.eureka.registry.PeerAwareInstanceRegistryImpl [254] -| Changing status to UP
2018-10-29 09:21:05.426 |-INFO  [main] org.springframework.boot.web.embedded.tomcat.TomcatWebServer [206] -| Tomcat started on port(s): 8761 (http) with context path ''
2018-10-29 09:21:05.429 |-INFO  [Thread-13] org.springframework.cloud.netflix.eureka.server.EurekaServerInitializerConfiguration [72] -| Started Eureka Server
2018-10-29 09:21:05.430 |-INFO  [main] org.springframework.cloud.netflix.eureka.serviceregistry.EurekaAutoServiceRegistration [124] -| Updating port to 8761
2018-10-29 09:21:05.434 |-INFO  [main] com.sctoc.microserver.train.eureka.EurekaApplication [59] -| Started EurekaApplication in 8.091 seconds (JVM running for 8.785)
2018-10-29 09:22:15.582 |-INFO  [http-nio-8761-exec-19] org.apache.catalina.core.ContainerBase.[Tomcat].[localhost].[/] [180] -| Initializing Spring FrameworkServlet 'dispatcherServlet'
2018-10-29 09:22:15.583 |-INFO  [http-nio-8761-exec-19] org.springframework.web.servlet.DispatcherServlet [494] -| FrameworkServlet 'dispatcherServlet': initialization started
2018-10-29 09:22:15.625 |-INFO  [http-nio-8761-exec-19] org.springframework.web.servlet.DispatcherServlet [509] -| FrameworkServlet 'dispatcherServlet': initialization completed in 42 ms
2018-10-29 09:26:21.732 |-INFO  [http-nio-8761-exec-11] com.netflix.eureka.registry.AbstractInstanceRegistry [269] -| Registered instance TRAIN-CONFIG/192.168.2.50:8888 with status UP (replication=false)
2018-10-29 09:29:33.476 |-INFO  [http-nio-8761-exec-12] com.netflix.eureka.registry.AbstractInstanceRegistry [269] -| Registered instance TRAIN-ZUUL/192.168.2.50:8080 with status UP (replication=false)
2018-10-29 09:30:23.019 |-INFO  [http-nio-8761-exec-19] com.netflix.eureka.registry.AbstractInstanceRegistry [269] -| Registered instance TRAIN-ZUUL/192.168.2.50:8080 with status UP (replication=false)
2018-10-29 09:31:05.184 |-WARN  [Eureka-PeerNodesUpdater] com.netflix.eureka.cluster.PeerEurekaNodes [156] -| The replica size seems to be empty. Check the route 53 DNS Registry
2018-10-29 09:31:05.408 |-INFO  [Eureka-EvictionTimer] com.netflix.eureka.registry.AbstractInstanceRegistry [1247] -| Running the evict task with compensationTime 0ms
2018-10-29 09:36:05.207 |-INFO  [ReplicaAwareInstanceRegistry - RenewalThresholdUpdater] com.netflix.eureka.registry.PeerAwareInstanceRegistryImpl [541] -| Current renewal threshold is : 0
2018-10-29 09:41:05.187 |-WARN  [Eureka-PeerNodesUpdater] com.netflix.eureka.cluster.PeerEurekaNodes [156] -| The replica size seems to be empty. Check the route 53 DNS Registry
2018-10-29 09:41:05.409 |-INFO  [Eureka-EvictionTimer] com.netflix.eureka.registry.AbstractInstanceRegistry [1247] -| Running the evict task with compensationTime 0ms
2018-10-29 09:51:05.207 |-INFO  [ReplicaAwareInstanceRegistry - RenewalThresholdUpdater] com.netflix.eureka.registry.PeerAwareInstanceRegistryImpl [541] -| Current renewal threshold is : 0
2018-10-29 09:51:05.209 |-WARN  [Eureka-PeerNodesUpdater] com.netflix.eureka.cluster.PeerEurekaNodes [156] -| The replica size seems to be empty. Check the route 53 DNS Registry
2018-10-29 09:51:05.409 |-INFO  [Eureka-EvictionTimer] com.netflix.eureka.registry.AbstractInstanceRegistry [1247] -| Running the evict task with compensationTime 0ms
2018-10-29 09:54:43.300 |-INFO  [http-nio-8761-exec-19] com.netflix.eureka.registry.AbstractInstanceRegistry [269] -| Registered instance UNKNOWN/DESKTOP-K7K175Q:8970 with status UP (replication=false)
2018-10-29 10:01:05.211 |-WARN  [Eureka-PeerNodesUpdater] com.netflix.eureka.cluster.PeerEurekaNodes [156] -| The replica size seems to be empty. Check the route 53 DNS Registry
2018-10-29 10:01:05.410 |-INFO  [Eureka-EvictionTimer] com.netflix.eureka.registry.AbstractInstanceRegistry [1247] -| Running the evict task with compensationTime 0ms
2018-10-29 10:06:05.208 |-INFO  [ReplicaAwareInstanceRegistry - RenewalThresholdUpdater] com.netflix.eureka.registry.PeerAwareInstanceRegistryImpl [541] -| Current renewal threshold is : 0
2018-10-29 10:07:42.319 |-INFO  [http-nio-8761-exec-19] com.netflix.eureka.registry.AbstractInstanceRegistry [269] -| Registered instance UNKNOWN/DESKTOP-K7K175Q:8970 with status UP (replication=false)
2018-10-29 10:10:47.026 |-INFO  [http-nio-8761-exec-14] com.netflix.eureka.registry.AbstractInstanceRegistry [269] -| Registered instance TRAIN-CENTER/DESKTOP-K7K175Q:train-center:8970 with status UP (replication=false)
2018-10-29 10:11:05.214 |-WARN  [Eureka-PeerNodesUpdater] com.netflix.eureka.cluster.PeerEurekaNodes [156] -| The replica size seems to be empty. Check the route 53 DNS Registry
2018-10-29 10:11:05.410 |-INFO  [Eureka-EvictionTimer] com.netflix.eureka.registry.AbstractInstanceRegistry [1247] -| Running the evict task with compensationTime 0ms
2018-10-29 10:21:05.209 |-INFO  [ReplicaAwareInstanceRegistry - RenewalThresholdUpdater] com.netflix.eureka.registry.PeerAwareInstanceRegistryImpl [541] -| Current renewal threshold is : 0
2018-10-29 10:21:05.216 |-WARN  [Eureka-PeerNodesUpdater] com.netflix.eureka.cluster.PeerEurekaNodes [156] -| The replica size seems to be empty. Check the route 53 DNS Registry
2018-10-29 10:21:05.410 |-INFO  [Eureka-EvictionTimer] com.netflix.eureka.registry.AbstractInstanceRegistry [1247] -| Running the evict task with compensationTime 0ms
2018-10-29 10:21:05.410 |-INFO  [Eureka-EvictionTimer] com.netflix.eureka.registry.AbstractInstanceRegistry [614] -| Evicting 1 items (expired=1, evictionLimit=1)
2018-10-29 10:21:05.411 |-WARN  [Eureka-EvictionTimer] com.netflix.eureka.registry.AbstractInstanceRegistry [626] -| DS: Registry: expired lease for UNKNOWN/DESKTOP-K7K175Q:8970
2018-10-29 10:21:05.414 |-INFO  [Eureka-EvictionTimer] com.netflix.eureka.registry.AbstractInstanceRegistry [333] -| Cancelled instance UNKNOWN/DESKTOP-K7K175Q:8970 (replication=false)
2018-10-29 10:31:05.218 |-WARN  [Eureka-PeerNodesUpdater] com.netflix.eureka.cluster.PeerEurekaNodes [156] -| The replica size seems to be empty. Check the route 53 DNS Registry
2018-10-29 10:31:05.411 |-INFO  [Eureka-EvictionTimer] com.netflix.eureka.registry.AbstractInstanceRegistry [1247] -| Running the evict task with compensationTime 0ms
2018-10-29 10:33:31.075 |-INFO  [http-nio-8761-exec-8] com.netflix.eureka.registry.AbstractInstanceRegistry [269] -| Registered instance TRAIN-SERVER/DESKTOP-K7K175Q:train-server:8970 with status UP (replication=false)
2018-10-29 10:33:49.924 |-INFO  [http-nio-8761-exec-18] com.netflix.eureka.registry.AbstractInstanceRegistry [269] -| Registered instance TRAIN-CLIENT/192.168.2.50:8950 with status UP (replication=false)
2018-10-29 10:36:05.210 |-INFO  [ReplicaAwareInstanceRegistry - RenewalThresholdUpdater] com.netflix.eureka.registry.PeerAwareInstanceRegistryImpl [541] -| Current renewal threshold is : 0
2018-10-29 10:41:05.222 |-WARN  [Eureka-PeerNodesUpdater] com.netflix.eureka.cluster.PeerEurekaNodes [156] -| The replica size seems to be empty. Check the route 53 DNS Registry
2018-10-29 10:41:05.411 |-INFO  [Eureka-EvictionTimer] com.netflix.eureka.registry.AbstractInstanceRegistry [1247] -| Running the evict task with compensationTime 0ms
2018-10-29 10:41:05.411 |-INFO  [Eureka-EvictionTimer] com.netflix.eureka.registry.AbstractInstanceRegistry [614] -| Evicting 1 items (expired=1, evictionLimit=1)
2018-10-29 10:41:05.412 |-WARN  [Eureka-EvictionTimer] com.netflix.eureka.registry.AbstractInstanceRegistry [626] -| DS: Registry: expired lease for TRAIN-CENTER/DESKTOP-K7K175Q:train-center:8970
2018-10-29 10:41:05.413 |-INFO  [Eureka-EvictionTimer] com.netflix.eureka.registry.AbstractInstanceRegistry [333] -| Cancelled instance TRAIN-CENTER/DESKTOP-K7K175Q:train-center:8970 (replication=false)
2018-10-29 10:41:30.336 |-INFO  [http-nio-8761-exec-6] com.netflix.eureka.registry.AbstractInstanceRegistry [269] -| Registered instance TRAIN-SERVER/DESKTOP-K7K175Q:train-server:8970 with status UP (replication=false)
2018-10-29 10:41:41.348 |-INFO  [http-nio-8761-exec-9] com.netflix.eureka.registry.AbstractInstanceRegistry [269] -| Registered instance TRAIN-CLIENT/192.168.2.50:8950 with status UP (replication=false)
2018-10-29 10:45:54.580 |-INFO  [http-nio-8761-exec-13] com.netflix.eureka.registry.AbstractInstanceRegistry [269] -| Registered instance TRAIN-CLIENT/192.168.2.50:8950 with status UP (replication=false)
2018-10-29 10:48:17.095 |-INFO  [http-nio-8761-exec-6] com.netflix.eureka.registry.AbstractInstanceRegistry [269] -| Registered instance TRAIN-CLIENT/192.168.2.50:8950 with status UP (replication=false)
2018-10-29 10:51:05.211 |-INFO  [ReplicaAwareInstanceRegistry - RenewalThresholdUpdater] com.netflix.eureka.registry.PeerAwareInstanceRegistryImpl [541] -| Current renewal threshold is : 0
2018-10-29 10:51:05.224 |-WARN  [Eureka-PeerNodesUpdater] com.netflix.eureka.cluster.PeerEurekaNodes [156] -| The replica size seems to be empty. Check the route 53 DNS Registry
2018-10-29 10:51:05.412 |-INFO  [Eureka-EvictionTimer] com.netflix.eureka.registry.AbstractInstanceRegistry [1247] -| Running the evict task with compensationTime 0ms
2018-10-29 10:53:46.107 |-INFO  [http-nio-8761-exec-18] com.netflix.eureka.registry.AbstractInstanceRegistry [269] -| Registered instance TRAIN-SERVER/DESKTOP-K7K175Q:train-server:8970 with status UP (replication=false)
2018-10-29 10:54:08.258 |-INFO  [http-nio-8761-exec-17] com.netflix.eureka.registry.AbstractInstanceRegistry [269] -| Registered instance TRAIN-CLIENT/192.168.2.50:8950 with status UP (replication=false)
2018-10-29 10:55:17.844 |-INFO  [http-nio-8761-exec-6] com.netflix.eureka.registry.AbstractInstanceRegistry [269] -| Registered instance TRAIN-CLIENT/192.168.2.50:8950 with status UP (replication=false)
2018-10-29 10:57:01.358 |-INFO  [http-nio-8761-exec-16] com.netflix.eureka.registry.AbstractInstanceRegistry [269] -| Registered instance TRAIN-CLIENT/192.168.2.50:8950 with status UP (replication=false)
2018-10-29 10:59:14.679 |-INFO  [http-nio-8761-exec-1] com.netflix.eureka.registry.AbstractInstanceRegistry [269] -| Registered instance TRAIN-SERVER/DESKTOP-K7K175Q:train-server:8970 with status UP (replication=false)
2018-10-29 11:01:05.226 |-WARN  [Eureka-PeerNodesUpdater] com.netflix.eureka.cluster.PeerEurekaNodes [156] -| The replica size seems to be empty. Check the route 53 DNS Registry
2018-10-29 11:01:05.412 |-INFO  [Eureka-EvictionTimer] com.netflix.eureka.registry.AbstractInstanceRegistry [1247] -| Running the evict task with compensationTime 0ms
